Mémoire totale : 1.5 GiB
Instanciation du bot "Random"
7 classes ont été trouvées
class awele.bot.demo.first.FirstBot
class awele.bot.demo.random.RandomBot
class awele.bot.demo.last.LastBot
class awele.bot.demo.minmax.MinMaxBot
class awele.bot.demo.knn2.Knn2Bot
class awele.bot.competitor.BotBot
class awele.bot.demo.knn1.Knn1Bot

Bot 1/7
Classe : awele.bot.demo.first.FirstBot
Instanciation du bot "First"
Nom du bot : First
Temps d'apprentissage : 00:00:00.000
Durée d'une prise de décision : 00:00:00.000
Usage mémoire : 2.9 KiB
Usage mémoire maximum : 485.9 KiB

Bot 2/7
Classe : awele.bot.demo.random.RandomBot
Instanciation du bot "Random"
Nom du bot : Random
Temps d'apprentissage : 00:00:00.000
Durée d'une prise de décision : 00:00:00.000
Usage mémoire : 624 B
Usage mémoire maximum : 370.3 KiB

Bot 3/7
Classe : awele.bot.demo.last.LastBot
Instanciation du bot "Last"
Nom du bot : Last
Temps d'apprentissage : 00:00:00.000
Durée d'une prise de décision : 00:00:00.000
Usage mémoire : 264 B
Usage mémoire maximum : 349.6 KiB

Bot 4/7
Classe : awele.bot.demo.minmax.MinMaxBot
Instanciation du bot "MinMax"
Nom du bot : MinMax
Temps d'apprentissage : 00:00:00.000
Durée d'une prise de décision : 00:00:00.001
Usage mémoire : 1.5 KiB
Usage mémoire maximum : 2.7 MiB

Bot 5/7
Classe : awele.bot.demo.knn2.Knn2Bot
Instanciation du bot "k-NN2"
Nom du bot : k-NN2
Temps d'apprentissage : 00:00:00.028
Durée d'une prise de décision : 00:00:00.000
Usage mémoire : 754.4 KiB
Usage mémoire maximum : 2.4 MiB

Bot 6/7
Classe : awele.bot.competitor.BotBot
Instanciation du bot "KalaKala"
Nom du bot : KalaKala
Temps d'apprentissage : 00:00:00.000
Durée d'une prise de décision : 00:00:00.002
Usage mémoire : 247.8 KiB
Usage mémoire maximum : 5.3 MiB

Bot 7/7
Classe : awele.bot.demo.knn1.Knn1Bot
Instanciation du bot "k-NN1"
Nom du bot : k-NN1
Temps d'apprentissage : 00:00:00.006
Durée d'une prise de décision : 00:00:00.000
Usage mémoire : 13.1 KiB
Usage mémoire maximum : 899.6 KiB

7 bots ont été instanciés
Durée du chargement : 00:00:01.021
Mémoire utilisée : 2.6 MiB

Que le championnat commence !

Affrontement 1/21
First vs. Random
Score : 1.75 - 1.24
First a gagné
Nombre de coups joués : 156.09 par match
Durée : 00:00:00.000 par match
Mémoire utilisée : 2.4 MiB

Affrontement 2/21
First vs. Last
Score : 0.0 - 3.0
Last a gagné
Nombre de coups joués : 291.5 par match
Durée : 00:00:00.000 par match
Mémoire utilisée : 2.4 MiB

Affrontement 3/21
First vs. MinMax
Score : 0.0 - 3.0
MinMax a gagné
Nombre de coups joués : 53.605 par match
Durée : 00:00:00.008 par match
Mémoire utilisée : 2.4 MiB

Affrontement 4/21
First vs. k-NN2
Score : 0.28 - 2.71
k-NN2 a gagné
Nombre de coups joués : 195.5 par match
Durée : 00:00:00.002 par match
Mémoire utilisée : 2.4 MiB

Affrontement 5/21
First vs. KalaKala
Score : 0.0 - 3.0
KalaKala a gagné
Nombre de coups joués : 52.83 par match
Durée : 00:00:00.008 par match
Mémoire utilisée : 23.4 MiB

Affrontement 6/21
First vs. k-NN1
Score : 0.59 - 2.39
k-NN1 a gagné
Nombre de coups joués : 211.645 par match
Durée : 00:00:00.001 par match
Mémoire utilisée : 23.4 MiB

Affrontement 7/21
Random vs. Last
Score : 0.12 - 2.88
Last a gagné
Nombre de coups joués : 107.725 par match
Durée : 00:00:00.000 par match
Mémoire utilisée : 23.4 MiB

Affrontement 8/21
Random vs. MinMax
Score : 0.0 - 3.0
MinMax a gagné
Nombre de coups joués : 34.22 par match
Durée : 00:00:00.003 par match
Mémoire utilisée : 23.4 MiB

Affrontement 9/21
Random vs. k-NN2
Score : 0.58 - 2.41
k-NN2 a gagné
Nombre de coups joués : 78.95 par match
Durée : 00:00:00.000 par match
Mémoire utilisée : 23.4 MiB

Affrontement 10/21
Random vs. KalaKala
Score : 0.0 - 3.0
KalaKala a gagné
Nombre de coups joués : 36.31 par match
Durée : 00:00:00.009 par match
Mémoire utilisée : 52.5 MiB

Affrontement 11/21
Random vs. k-NN1
Score : 0.14 - 2.84
k-NN1 a gagné
Nombre de coups joués : 73.625 par match
Durée : 00:00:00.000 par match
Mémoire utilisée : 52.5 MiB

Affrontement 12/21
Last vs. MinMax
Score : 0.0 - 3.0
MinMax a gagné
Nombre de coups joués : 63.485 par match
Durée : 00:00:00.006 par match
Mémoire utilisée : 52.5 MiB

Affrontement 13/21
Last vs. k-NN2
Score : 2.88 - 0.12
Last a gagné
Nombre de coups joués : 117.115 par match
Durée : 00:00:00.001 par match
Mémoire utilisée : 52.5 MiB

Affrontement 14/21
Last vs. KalaKala
Score : 0.0 - 3.0
KalaKala a gagné
Nombre de coups joués : 70.89 par match
Durée : 00:00:00.009 par match
Mémoire utilisée : 75.2 MiB

Affrontement 15/21
Last vs. k-NN1
Score : 2.65 - 0.34
Last a gagné
Nombre de coups joués : 132.755 par match
Durée : 00:00:00.000 par match
Mémoire utilisée : 75.2 MiB

Affrontement 16/21
MinMax vs. k-NN2
Score : 3.0 - 0.0
MinMax a gagné
Nombre de coups joués : 40.68 par match
Durée : 00:00:00.004 par match
Mémoire utilisée : 75.2 MiB

Affrontement 17/21
MinMax vs. KalaKala
Score : 0.61 - 2.38
KalaKala a gagné
Nombre de coups joués : 91.69 par match
Durée : 00:00:00.037 par match
Mémoire utilisée : 142.3 MiB

Affrontement 18/21
MinMax vs. k-NN1
Score : 3.0 - 0.0
MinMax a gagné
Nombre de coups joués : 37.185 par match
Durée : 00:00:00.003 par match
Mémoire utilisée : 142.3 MiB

Affrontement 19/21
k-NN2 vs. KalaKala
Score : 0.0 - 3.0
KalaKala a gagné
Nombre de coups joués : 46.75 par match
Durée : 00:00:00.009 par match
Mémoire utilisée : 164.5 MiB

Affrontement 20/21
k-NN2 vs. k-NN1
Score : 1.51 - 1.48
k-NN2 a gagné
Nombre de coups joués : 83.67 par match
Durée : 00:00:00.001 par match
Mémoire utilisée : 164.5 MiB

Affrontement 21/21
KalaKala vs. k-NN1
Score : 3.0 - 0.0
KalaKala a gagné
Nombre de coups joués : 39.505 par match
Durée : 00:00:00.005 par match
Mémoire utilisée : 181.2 MiB

Durée du championnat : 00:00:25.839

Scores finaux :
First : 2.62
Random : 2.08
Last : 11.41
MinMax : 15.61
k-NN2 : 6.75
KalaKala : 17.38
k-NN1 : 7.05

Rangs :
1. KalaKala : 17.38
2. MinMax : 15.61
3. Last : 11.41
4. k-NN1 : 7.05
5. k-NN2 : 6.75
6. First : 2.62
7. Random : 2.08
